<?xml version="1.0" encoding="UTF-8"?>
<!-- Generated by org.testng.reporters.JUnitXMLReporter -->
<testsuite ignored="0" hostname="User" failures="0" tests="10" name="Default test" time="451.402" errors="0" timestamp="2022-01-18T11:39:34 IST">
  <testcase classname="runner.WebApp" name="HomePage" time="1.556"/>
  <testcase classname="runner.WebApp" name="SignUp" time="8.332"/>
  <testcase classname="runner.WebApp" name="HomepageLogin" time="5.58"/>
  <testcase classname="runner.WebApp" name="AboutPage" time="4.923"/>
  <testcase classname="runner.WebApp" name="ContactPage" time="8.862"/>
  <testcase classname="runner.WebApp" name="OnewayPage" time="15.069"/>
  <testcase classname="runner.WebApp" name="LocalPage" time="35.125"/>
  <testcase classname="runner.WebApp" name="OutstationPage" time="24.666"/>
  <testcase classname="runner.WebApp" name="AirportPage" time="32.672"/>
  <testcase classname="runner.WebApp" name="CorporatePage" time="25.655"/>
</testsuite> <!-- Default test -->
