<?xml version="1.0" encoding="UTF-8"?>
<!-- Generated by org.testng.reporters.JUnitXMLReporter -->
<testsuite ignored="0" hostname="CDMIHFB2" failures="0" tests="10" name="Test" time="190.828" errors="0" timestamp="2022-01-17T09:03:22 IST">
  <testcase classname="runner.WebApp" name="test1" time="0.028"/>
  <testcase classname="runner.WebApp" name="test7" time="23.172"/>
  <testcase classname="runner.WebApp" name="test2" time="0.425"/>
  <testcase classname="runner.WebApp" name="test3" time="0.22"/>
  <testcase classname="runner.WebApp" name="test4" time="0.938"/>
  <testcase classname="runner.WebApp" name="test5" time="4.483"/>
  <testcase classname="runner.WebApp" name="test6" time="10.748"/>
  <testcase classname="runner.WebApp" name="test8" time="27.188"/>
  <testcase classname="runner.WebApp" name="test9" time="48.847"/>
  <testcase classname="runner.WebApp" name="test10" time="6.696"/>
</testsuite> <!-- Test -->
